<?xml version="1.0" encoding="UTF-8" standalone="no"?>
<testsuite errors="0" failures="2" name="io.cucumber.core.plugin.JUnitFormatter" skipped="0" tests="2" time="21.703">
    <testcase classname="Test the login functionality of OrangeHRm" name="Test the valid login" time="11.16">
        <failure message="The scenario has pending or undefined step(s)" type="java.lang.Exception"><![CDATA[Given user is on login page.................................................passed
When user enters username and passoward.....................................undefined
And click on login button...................................................skipped
Then user should land on homepage...........................................skipped
]]></failure>
    </testcase>
    <testcase classname="Test the login functionality of OrangeHRm" name="Test the valid login1" time="10.367">
        <failure message="The scenario has pending or undefined step(s)" type="java.lang.Exception"><![CDATA[Given user is on login page.................................................passed
When user enters username and passoward.....................................undefined
And click on login button...................................................skipped
Then user should land on homepage...........................................skipped
]]></failure>
    </testcase>
</testsuite>
